<?xml version="1.0" encoding="UTF-8"?>
<!-- Generated by org.testng.reporters.JUnitXMLReporter -->
<testsuite ignored="0" hostname="Admin-PC" failures="0" tests="2" name="Default test(failed)" time="0.142" errors="0" timestamp="2022-09-19T22:34:55 IST">
  <testcase classname="pack2.FacbookTestClass" name="@BeforeTest openBrowser" time="-1.663607095249E9">
    <failure type="org.testng.TestNGException" message="
Parameter &amp;apos;browser&amp;apos; is required by BeforeTest on method openBrowser but has not been marked @Optional or defined
in C:\Users\Admin\eclipse-workspace\ProjectName2\test-output\testng-failed.xml">
      <![CDATA[org.testng.TestNGException: 
Parameter 'browser' is required by BeforeTest on method openBrowser but has not been marked @Optional or defined
in C:\Users\Admin\eclipse-workspace\ProjectName2\test-output\testng-failed.xml
... Removed 21 stack frames]]>
    </failure>
  </testcase> <!-- @BeforeTest openBrowser -->
  <testcase classname="pack2.FacbookTestClass" name="@BeforeClass createPOMobjects" time="-1.663607095315E9">
    <skipped/>
  </testcase> <!-- @BeforeClass createPOMobjects -->
  <testcase classname="pack2.FacbookTestClass" name="@BeforeMethod openMessengerAndRooms" time="-1.663607095338E9">
    <skipped/>
  </testcase> <!-- @BeforeMethod openMessengerAndRooms -->
  <testcase classname="pack2.FacbookTestClass" name="@AfterMethod backToMainPage" time="-1.66360709535E9">
    <skipped/>
  </testcase> <!-- @AfterMethod backToMainPage -->
  <testcase classname="pack2.FacbookTestClass" name="@BeforeMethod openMessengerAndRooms" time="-1.663607095355E9">
    <skipped/>
  </testcase> <!-- @BeforeMethod openMessengerAndRooms -->
  <testcase classname="pack2.FacbookTestClass" name="@AfterMethod backToMainPage" time="-1.663607095366E9">
    <skipped/>
  </testcase> <!-- @AfterMethod backToMainPage -->
  <testcase classname="pack2.FacbookTestClass" name="@AfterClass clearObjects" time="-1.66360709537E9">
    <skipped/>
  </testcase> <!-- @AfterClass clearObjects -->
  <testcase classname="pack2.FacbookTestClass" name="@AfterTest closeBrowser" time="-1.663607095376E9">
    <skipped/>
  </testcase> <!-- @AfterTest closeBrowser -->
  <testcase classname="pack2.FacbookTestClass" name="verifyContactToHelpCenter" time="0.0">
    <skipped/>
  </testcase> <!-- verifyContactToHelpCenter -->
  <testcase classname="pack2.FacbookTestClass" name="verifyReturnToMessengerPage" time="0.0">
    <skipped/>
  </testcase> <!-- verifyReturnToMessengerPage -->
</testsuite> <!-- Default test(failed) -->
